<?xml version="1.0" encoding="UTF-8"?>
<!-- Generated by org.testng.reporters.JUnitReportReporter -->
<testsuite hostname="DESKTOP-8E1OTRE" failures="0" tests="2" name="com.actitime.qa.testcases.HomePageUsersTest" time="32.805" errors="0" timestamp="06 Nov 2022 10:21:54 GMT" skipped="0">
  <testcase classname="com.actitime.qa.testcases.HomePageUsersTest" name="homePageLogoTest" time="11.825"/>
  <testcase classname="com.actitime.qa.testcases.HomePageUsersTest" name="homePageUsersLinkTest" time="20.980"/>
</testsuite> <!-- com.actitime.qa.testcases.HomePageUsersTest -->
