<?xml version="1.0" encoding="UTF-8"?>
<!-- Generated by org.testng.reporters.JUnitReportReporter -->
<testsuite hostname="DESKTOP-8E1OTRE" failures="0" tests="5" name="com.actitime.qa.testcases.HomePageTest" time="96.070" errors="0" timestamp="08 Nov 2022 06:39:30 GMT" skipped="0">
  <testcase classname="com.actitime.qa.testcases.HomePageTest" name="homeUserApprove" time="22.045"/>
  <testcase classname="com.actitime.qa.testcases.HomePageTest" name="homeUserCancelReject" time="20.045"/>
  <testcase classname="com.actitime.qa.testcases.HomePageTest" name="homeUserReject" time="18.894"/>
  <testcase classname="com.actitime.qa.testcases.HomePageTest" name="homeRevoke" time="18.111"/>
  <testcase classname="com.actitime.qa.testcases.HomePageTest" name="homeUserRejectCommented" time="16.975"/>
</testsuite> <!-- com.actitime.qa.testcases.HomePageTest -->
