<?xml version="1.0" encoding="UTF-8"?>
<!-- Generated by org.testng.reporters.JUnitReportReporter -->
<testsuite hostname="DESKTOP-8E1OTRE" failures="0" tests="3" name="com.actitime.qa.testcases.LogonPageTest" time="30.715" errors="0" timestamp="06 Nov 2022 09:02:36 GMT" skipped="0">
  <testcase classname="com.actitime.qa.testcases.LogonPageTest" name="loginPageLogoTest" time="9.752"/>
  <testcase classname="com.actitime.qa.testcases.LogonPageTest" name="LoginTest" time="10.678"/>
  <testcase classname="com.actitime.qa.testcases.LogonPageTest" name="LoginTest" time="10.285"/>
</testsuite> <!-- com.actitime.qa.testcases.LogonPageTest -->
