<?xml version="1.0" encoding="UTF-8"?>
<!-- Generated by org.testng.reporters.JUnitReportReporter -->
<testsuite hostname="DESKTOP-8E1OTRE" failures="0" tests="5" name="com.actitime.qa.testcases.HomePageTest" time="91.581" errors="0" timestamp="08 Nov 2022 05:49:23 GMT" skipped="0">
  <testcase classname="com.actitime.qa.testcases.HomePageTest" name="homeUserApprove" time="19.335"/>
  <testcase classname="com.actitime.qa.testcases.HomePageTest" name="homeUserCancelReject" time="18.361"/>
  <testcase classname="com.actitime.qa.testcases.HomePageTest" name="homeUserReject" time="17.322"/>
  <testcase classname="com.actitime.qa.testcases.HomePageTest" name="homeRevoke" time="17.726"/>
  <testcase classname="com.actitime.qa.testcases.HomePageTest" name="homeUserRejectCommented" time="18.837"/>
</testsuite> <!-- com.actitime.qa.testcases.HomePageTest -->
