<?xml version="1.0" encoding="UTF-8"?>
<!-- Generated by org.testng.reporters.JUnitReportReporter -->
<testsuite hostname="DESKTOP-8E1OTRE" failures="0" tests="2" name="com.actitime.qa.testcases.HomePageReportTest" time="39.879" errors="0" timestamp="06 Nov 2022 09:03:39 GMT" skipped="0">
  <testcase classname="com.actitime.qa.testcases.HomePageReportTest" name="homePageLogoTest" time="13.368"/>
  <testcase classname="com.actitime.qa.testcases.HomePageReportTest" name="homePageReportsLinkTest" time="26.511"/>
</testsuite> <!-- com.actitime.qa.testcases.HomePageReportTest -->
